<?xml version="1.0" encoding="UTF-8"?>
<testsuites>
  <testsuite name="/home/servicios/htdocs/servicios.mindsoftdev.com/phpunit.xml" tests="1" assertions="1" errors="0" failures="1" skipped="0" time="0.447138">
    <testsuite name="Feature" tests="1" assertions="1" errors="0" failures="1" skipped="0" time="0.447138">
      <testsuite name="Tests\Feature\LoginTest" file="/home/servicios/htdocs/servicios.mindsoftdev.com/tests/Feature/LoginTest.php" tests="1" assertions="1" errors="0" failures="1" skipped="0" time="0.447138">
        <testcase name="testUserLogin" file="/home/servicios/htdocs/servicios.mindsoftdev.com/tests/Feature/LoginTest.php" line="15" class="Tests\Feature\LoginTest" classname="Tests.Feature.LoginTest" assertions="1" time="0.447138">
          <failure type="PHPUnit\Framework\ExpectationFailedException">Tests\Feature\LoginTest::testUserLogin
Expected response status code [200] but received 500.
Failed asserting that 500 is identical to 200.

The following exception occurred during the last request:

PDOException: SQLSTATE[HY000]: General error: 1 no such column: users.deleted_at in /home/servicios/htdocs/servicios.mindsoftdev.com/vendor/laravel/framework/src/Illuminate/Database/Connection.php:407
Stack trace:
#0 /home/servicios/htdocs/servicios.mindsoftdev.com/vendor/laravel/framework/src/Illuminate/Database/Connection.php(407): PDO-&gt;prepare()
#1 /home/servicios/htdocs/servicios.mindsoftdev.com/vendor/laravel/framework/src/Illuminate/Database/Connection.php(812): Illuminate\Database\Connection-&gt;Illuminate\Database\{closure}()
#2 /home/servicios/htdocs/servicios.mindsoftdev.com/vendor/laravel/framework/src/Illuminate/Database/Connection.php(779): Illuminate\Database\Connection-&gt;runQueryCallback()
#3 /home/servicios/htdocs/servicios.mindsoftdev.com/vendor/laravel/framework/src/Illuminate/Database/Connection.php(398): Illuminate\Database\Connection-&gt;run()
#4 /home/servicios/htdocs/servicios.mindsoftdev.com/vendor/laravel/framework/src/Illuminate/Database/Query/Builder.php(3130): Illuminate\Database\Connection-&gt;select()
#5 /home/servicios/htdocs/servicios.mindsoftdev.com/vendor/laravel/framework/src/Illuminate/Database/Query/Builder.php(3115): Illuminate\Database\Query\Builder-&gt;runSelect()
#6 /home/servicios/htdocs/servicios.mindsoftdev.com/vendor/laravel/framework/src/Illuminate/Database/Query/Builder.php(3703): Illuminate\Database\Query\Builder-&gt;Illuminate\Database\Query\{closure}()
#7 /home/servicios/htdocs/servicios.mindsoftdev.com/vendor/laravel/framework/src/Illuminate/Database/Query/Builder.php(3114): Illuminate\Database\Query\Builder-&gt;onceWithColumns()
#8 /home/servicios/htdocs/servicios.mindsoftdev.com/vendor/laravel/framework/src/Illuminate/Database/Eloquent/Builder.php(759): Illuminate\Database\Query\Builder-&gt;get()
#9 /home/servicios/htdocs/servicios.mindsoftdev.com/vendor/laravel/framework/src/Illuminate/Database/Eloquent/Builder.php(741): Illuminate\Database\Eloquent\Builder-&gt;getModels()
#10 /home/servicios/htdocs/servicios.mindsoftdev.com/vendor/laravel/framework/src/Illuminate/Database/Concerns/BuildsQueries.php(344): Illuminate\Database\Eloquent\Builder-&gt;get()
#11 /home/servicios/htdocs/servicios.mindsoftdev.com/vendor/laravel/framework/src/Illuminate/Auth/EloquentUserProvider.php(139): Illuminate\Database\Eloquent\Builder-&gt;first()
#12 /home/servicios/htdocs/servicios.mindsoftdev.com/vendor/laravel/framework/src/Illuminate/Auth/SessionGuard.php(393): Illuminate\Auth\EloquentUserProvider-&gt;retrieveByCredentials()
#13 /home/servicios/htdocs/servicios.mindsoftdev.com/vendor/laravel/fortify/src/Actions/AttemptToAuthenticate.php(53): Illuminate\Auth\SessionGuard-&gt;attempt()
#14 /home/servicios/htdocs/servicios.mindsoftdev.com/vendor/laravel/framework/src/Illuminate/Pipeline/Pipeline.php(183): Laravel\Fortify\Actions\AttemptToAuthenticate-&gt;handle()
#15 /home/servicios/htdocs/servicios.mindsoftdev.com/vendor/laravel/fortify/src/Actions/CanonicalizeUsername.php(23): Illuminate\Pipeline\Pipeline-&gt;Illuminate\Pipeline\{closure}()
#16 /home/servicios/htdocs/servicios.mindsoftdev.com/vendor/laravel/framework/src/Illuminate/Pipeline/Pipeline.php(183): Laravel\Fortify\Actions\CanonicalizeUsername-&gt;handle()
#17 /home/servicios/htdocs/servicios.mindsoftdev.com/vendor/laravel/framework/src/Illuminate/Pipeline/Pipeline.php(119): Illuminate\Pipeline\Pipeline-&gt;Illuminate\Pipeline\{closure}()
#18 /home/servicios/htdocs/servicios.mindsoftdev.com/vendor/laravel/fortify/src/Http/Controllers/AuthenticatedSessionController.php(60): Illuminate\Pipeline\Pipeline-&gt;then()
#19 /home/servicios/htdocs/servicios.mindsoftdev.com/vendor/laravel/framework/src/Illuminate/Routing/Controller.php(54): Laravel\Fortify\Http\Controllers\AuthenticatedSessionController-&gt;store()
#20 /home/servicios/htdocs/servicios.mindsoftdev.com/vendor/laravel/framework/src/Illuminate/Routing/ControllerDispatcher.php(43): Illuminate\Routing\Controller-&gt;callAction()
#21 /home/servicios/htdocs/servicios.mindsoftdev.com/vendor/laravel/framework/src/Illuminate/Routing/Route.php(262): Illuminate\Routing\ControllerDispatcher-&gt;dispatch()
#22 /home/servicios/htdocs/servicios.mindsoftdev.com/vendor/laravel/framework/src/Illuminate/Routing/Route.php(208): Illuminate\Routing\Route-&gt;runController()
#23 /home/servicios/htdocs/servicios.mindsoftdev.com/vendor/laravel/framework/src/Illuminate/Routing/Router.php(808): Illuminate\Routing\Route-&gt;run()
#24 /home/servicios/htdocs/servicios.mindsoftdev.com/vendor/laravel/framework/src/Illuminate/Pipeline/Pipeline.php(144): Illuminate\Routing\Router-&gt;Illuminate\Routing\{closure}()
#25 /home/servicios/htdocs/servicios.mindsoftdev.com/vendor/laravel/framework/src/Illuminate/Auth/Middleware/RedirectIfAuthenticated.php(35): Illuminate\Pipeline\Pipeline-&gt;Illuminate\Pipeline\{closure}()
#26 /home/servicios/htdocs/servicios.mindsoftdev.com/vendor/laravel/framework/src/Illuminate/Pipeline/Pipeline.php(183): Illuminate\Auth\Middleware\RedirectIfAuthenticated-&gt;handle()
#27 /home/servicios/htdocs/servicios.mindsoftdev.com/vendor/laravel/framework/src/Illuminate/Routing/Middleware/SubstituteBindings.php(51): Illuminate\Pipeline\Pipeline-&gt;Illuminate\Pipeline\{closure}()
#28 /home/servicios/htdocs/servicios.mindsoftdev.com/vendor/laravel/framework/src/Illuminate/Pipeline/Pipeline.php(183): Illuminate\Routing\Middleware\SubstituteBindings-&gt;handle()
#29 /home/servicios/htdocs/servicios.mindsoftdev.com/vendor/laravel/framework/src/Illuminate/Routing/Middleware/ThrottleRequests.php(161): Illuminate\Pipeline\Pipeline-&gt;Illuminate\Pipeline\{closure}()
#30 /home/servicios/htdocs/servicios.mindsoftdev.com/vendor/laravel/framework/src/Illuminate/Routing/Middleware/ThrottleRequests.php(127): Illuminate\Routing\Middleware\ThrottleRequests-&gt;handleRequest()
#31 /home/servicios/htdocs/servicios.mindsoftdev.com/vendor/laravel/framework/src/Illuminate/Routing/Middleware/ThrottleRequests.php(89): Illuminate\Routing\Middleware\ThrottleRequests-&gt;handleRequestUsingNamedLimiter()
#32 /home/servicios/htdocs/servicios.mindsoftdev.com/vendor/laravel/framework/src/Illuminate/Pipeline/Pipeline.php(183): Illuminate\Routing\Middleware\ThrottleRequests-&gt;handle()
#33 /home/servicios/htdocs/servicios.mindsoftdev.com/vendor/laravel/framework/src/Illuminate/Foundation/Http/Middleware/VerifyCsrfToken.php(88): Illuminate\Pipeline\Pipeline-&gt;Illuminate\Pipeline\{closure}()
#34 /home/servicios/htdocs/servicios.mindsoftdev.com/vendor/laravel/framework/src/Illuminate/Pipeline/Pipeline.php(183): Illuminate\Foundation\Http\Middleware\VerifyCsrfToken-&gt;handle()
#35 /home/servicios/htdocs/servicios.mindsoftdev.com/vendor/laravel/framework/src/Illuminate/View/Middleware/ShareErrorsFromSession.php(49): Illuminate\Pipeline\Pipeline-&gt;Illuminate\Pipeline\{closure}()
#36 /home/servicios/htdocs/servicios.mindsoftdev.com/vendor/laravel/framework/src/Illuminate/Pipeline/Pipeline.php(183): Illuminate\View\Middleware\ShareErrorsFromSession-&gt;handle()
#37 /home/servicios/htdocs/servicios.mindsoftdev.com/vendor/laravel/framework/src/Illuminate/Session/Middleware/StartSession.php(121): Illuminate\Pipeline\Pipeline-&gt;Illuminate\Pipeline\{closure}()
#38 /home/servicios/htdocs/servicios.mindsoftdev.com/vendor/laravel/framework/src/Illuminate/Session/Middleware/StartSession.php(64): Illuminate\Session\Middleware\StartSession-&gt;handleStatefulRequest()
#39 /home/servicios/htdocs/servicios.mindsoftdev.com/vendor/laravel/framework/src/Illuminate/Pipeline/Pipeline.php(183): Illuminate\Session\Middleware\StartSession-&gt;handle()
#40 /home/servicios/htdocs/servicios.mindsoftdev.com/vendor/laravel/framework/src/Illuminate/Cookie/Middleware/AddQueuedCookiesToResponse.php(37): Illuminate\Pipeline\Pipeline-&gt;Illuminate\Pipeline\{closure}()
#41 /home/servicios/htdocs/servicios.mindsoftdev.com/vendor/laravel/framework/src/Illuminate/Pipeline/Pipeline.php(183): Illuminate\Cookie\Middleware\AddQueuedCookiesToResponse-&gt;handle()
#42 /home/servicios/htdocs/servicios.mindsoftdev.com/vendor/laravel/framework/src/Illuminate/Cookie/Middleware/EncryptCookies.php(75): Illuminate\Pipeline\Pipeline-&gt;Illuminate\Pipeline\{closure}()
#43 /home/servicios/htdocs/servicios.mindsoftdev.com/vendor/laravel/framework/src/Illuminate/Pipeline/Pipeline.php(183): Illuminate\Cookie\Middleware\EncryptCookies-&gt;handle()
#44 /home/servicios/htdocs/servicios.mindsoftdev.com/vendor/laravel/framework/src/Illuminate/Pipeline/Pipeline.php(119): Illuminate\Pipeline\Pipeline-&gt;Illuminate\Pipeline\{closure}()
#45 /home/servicios/htdocs/servicios.mindsoftdev.com/vendor/laravel/framework/src/Illuminate/Routing/Router.php(807): Illuminate\Pipeline\Pipeline-&gt;then()
#46 /home/servicios/htdocs/servicios.mindsoftdev.com/vendor/laravel/framework/src/Illuminate/Routing/Router.php(786): Illuminate\Routing\Router-&gt;runRouteWithinStack()
#47 /home/servicios/htdocs/servicios.mindsoftdev.com/vendor/laravel/framework/src/Illuminate/Routing/Router.php(750): Illuminate\Routing\Router-&gt;runRoute()
#48 /home/servicios/htdocs/servicios.mindsoftdev.com/vendor/laravel/framework/src/Illuminate/Routing/Router.php(739): Illuminate\Routing\Router-&gt;dispatchToRoute()
#49 /home/servicios/htdocs/servicios.mindsoftdev.com/vendor/laravel/framework/src/Illuminate/Foundation/Http/Kernel.php(201): Illuminate\Routing\Router-&gt;dispatch()
#50 /home/servicios/htdocs/servicios.mindsoftdev.com/vendor/laravel/framework/src/Illuminate/Pipeline/Pipeline.php(144): Illuminate\Foundation\Http\Kernel-&gt;Illuminate\Foundation\Http\{closure}()
#51 /home/servicios/htdocs/servicios.mindsoftdev.com/vendor/laravel/framework/src/Illuminate/Foundation/Http/Middleware/TransformsRequest.php(21): Illuminate\Pipeline\Pipeline-&gt;Illuminate\Pipeline\{closure}()
#52 /home/servicios/htdocs/servicios.mindsoftdev.com/vendor/laravel/framework/src/Illuminate/Foundation/Http/Middleware/ConvertEmptyStringsToNull.php(31): Illuminate\Foundation\Http\Middleware\TransformsRequest-&gt;handle()
#53 /home/servicios/htdocs/servicios.mindsoftdev.com/vendor/laravel/framework/src/Illuminate/Pipeline/Pipeline.php(183): Illuminate\Foundation\Http\Middleware\ConvertEmptyStringsToNull-&gt;handle()
#54 /home/servicios/htdocs/servicios.mindsoftdev.com/vendor/laravel/framework/src/Illuminate/Foundation/Http/Middleware/TransformsRequest.php(21): Illuminate\Pipeline\Pipeline-&gt;Illuminate\Pipeline\{closure}()
#55 /home/servicios/htdocs/servicios.mindsoftdev.com/vendor/laravel/framework/src/Illuminate/Foundation/Http/Middleware/TrimStrings.php(51): Illuminate\Foundation\Http\Middleware\TransformsRequest-&gt;handle()
#56 /home/servicios/htdocs/servicios.mindsoftdev.com/vendor/laravel/framework/src/Illuminate/Pipeline/Pipeline.php(183): Illuminate\Foundation\Http\Middleware\TrimStrings-&gt;handle()
#57 /home/servicios/htdocs/servicios.mindsoftdev.com/vendor/laravel/framework/src/Illuminate/Http/Middleware/ValidatePostSize.php(27): Illuminate\Pipeline\Pipeline-&gt;Illuminate\Pipeline\{closure}()
#58 /home/servicios/htdocs/servicios.mindsoftdev.com/vendor/laravel/framework/src/Illuminate/Pipeline/Pipeline.php(183): Illuminate\Http\Middleware\ValidatePostSize-&gt;handle()
#59 /home/servicios/htdocs/servicios.mindsoftdev.com/vendor/laravel/framework/src/Illuminate/Foundation/Http/Middleware/PreventRequestsDuringMaintenance.php(110): Illuminate\Pipeline\Pipeline-&gt;Illuminate\Pipeline\{closure}()
#60 /home/servicios/htdocs/servicios.mindsoftdev.com/vendor/laravel/framework/src/Illuminate/Pipeline/Pipeline.php(183): Illuminate\Foundation\Http\Middleware\PreventRequestsDuringMaintenance-&gt;handle()
#61 /home/servicios/htdocs/servicios.mindsoftdev.com/vendor/laravel/framework/src/Illuminate/Http/Middleware/HandleCors.php(62): Illuminate\Pipeline\Pipeline-&gt;Illuminate\Pipeline\{closure}()
#62 /home/servicios/htdocs/servicios.mindsoftdev.com/vendor/laravel/framework/src/Illuminate/Pipeline/Pipeline.php(183): Illuminate\Http\Middleware\HandleCors-&gt;handle()
#63 /home/servicios/htdocs/servicios.mindsoftdev.com/vendor/laravel/framework/src/Illuminate/Http/Middleware/TrustProxies.php(58): Illuminate\Pipeline\Pipeline-&gt;Illuminate\Pipeline\{closure}()
#64 /home/servicios/htdocs/servicios.mindsoftdev.com/vendor/laravel/framework/src/Illuminate/Pipeline/Pipeline.php(183): Illuminate\Http\Middleware\TrustProxies-&gt;handle()
#65 /home/servicios/htdocs/servicios.mindsoftdev.com/vendor/laravel/framework/src/Illuminate/Foundation/Http/Middleware/InvokeDeferredCallbacks.php(22): Illuminate\Pipeline\Pipeline-&gt;Illuminate\Pipeline\{closure}()
#66 /home/servicios/htdocs/servicios.mindsoftdev.com/vendor/laravel/framework/src/Illuminate/Pipeline/Pipeline.php(183): Illuminate\Foundation\Http\Middleware\InvokeDeferredCallbacks-&gt;handle()
#67 /home/servicios/htdocs/servicios.mindsoftdev.com/vendor/laravel/framework/src/Illuminate/Pipeline/Pipeline.php(119): Illuminate\Pipeline\Pipeline-&gt;Illuminate\Pipeline\{closure}()
#68 /home/servicios/htdocs/servicios.mindsoftdev.com/vendor/laravel/framework/src/Illuminate/Foundation/Http/Kernel.php(176): Illuminate\Pipeline\Pipeline-&gt;then()
#69 /home/servicios/htdocs/servicios.mindsoftdev.com/vendor/laravel/framework/src/Illuminate/Foundation/Http/Kernel.php(145): Illuminate\Foundation\Http\Kernel-&gt;sendRequestThroughRouter()
#70 /home/servicios/htdocs/servicios.mindsoftdev.com/vendor/laravel/framework/src/Illuminate/Foundation/Testing/Concerns/MakesHttpRequests.php(604): Illuminate\Foundation\Http\Kernel-&gt;handle()
#71 /home/servicios/htdocs/servicios.mindsoftdev.com/vendor/laravel/framework/src/Illuminate/Foundation/Testing/Concerns/MakesHttpRequests.php(570): Illuminate\Foundation\Testing\TestCase-&gt;call()
#72 /home/servicios/htdocs/servicios.mindsoftdev.com/vendor/laravel/framework/src/Illuminate/Foundation/Testing/Concerns/MakesHttpRequests.php(408): Illuminate\Foundation\Testing\TestCase-&gt;json()
#73 /home/servicios/htdocs/servicios.mindsoftdev.com/tests/Feature/LoginTest.php(17): Illuminate\Foundation\Testing\TestCase-&gt;postJson()
#74 /home/servicios/htdocs/servicios.mindsoftdev.com/vendor/phpunit/phpunit/src/Framework/TestCase.php(1234): Tests\Feature\LoginTest-&gt;testUserLogin()
#75 /home/servicios/htdocs/servicios.mindsoftdev.com/vendor/phpunit/phpunit/src/Framework/TestCase.php(515): PHPUnit\Framework\TestCase-&gt;runTest()
#76 /home/servicios/htdocs/servicios.mindsoftdev.com/vendor/phpunit/phpunit/src/Framework/TestRunner/TestRunner.php(86): PHPUnit\Framework\TestCase-&gt;runBare()
#77 /home/servicios/htdocs/servicios.mindsoftdev.com/vendor/phpunit/phpunit/src/Framework/TestCase.php(362): PHPUnit\Framework\TestRunner-&gt;run()
#78 /home/servicios/htdocs/servicios.mindsoftdev.com/vendor/phpunit/phpunit/src/Framework/TestSuite.php(394): PHPUnit\Framework\TestCase-&gt;run()
#79 /home/servicios/htdocs/servicios.mindsoftdev.com/vendor/phpunit/phpunit/src/Framework/TestSuite.php(394): PHPUnit\Framework\TestSuite-&gt;run()
#80 /home/servicios/htdocs/servicios.mindsoftdev.com/vendor/phpunit/phpunit/src/Framework/TestSuite.php(394): PHPUnit\Framework\TestSuite-&gt;run()
#81 /home/servicios/htdocs/servicios.mindsoftdev.com/vendor/phpunit/phpunit/src/TextUI/TestRunner.php(64): PHPUnit\Framework\TestSuite-&gt;run()
#82 /home/servicios/htdocs/servicios.mindsoftdev.com/vendor/phpunit/phpunit/src/TextUI/Application.php(207): PHPUnit\TextUI\TestRunner-&gt;run()
#83 /home/servicios/htdocs/servicios.mindsoftdev.com/vendor/phpunit/phpunit/phpunit(104): PHPUnit\TextUI\Application-&gt;run()
#84 {main}

Next Illuminate\Database\QueryException: SQLSTATE[HY000]: General error: 1 no such column: users.deleted_at (Connection: sqlite, SQL: select * from "users" where "email" = dennis.ocana@mindsoft.biz and "users"."deleted_at" is null limit 1) in /home/servicios/htdocs/servicios.mindsoftdev.com/vendor/laravel/framework/src/Illuminate/Database/Connection.php:825
Stack trace:
#0 /home/servicios/htdocs/servicios.mindsoftdev.com/vendor/laravel/framework/src/Illuminate/Database/Connection.php(779): Illuminate\Database\Connection-&gt;runQueryCallback()
#1 /home/servicios/htdocs/servicios.mindsoftdev.com/vendor/laravel/framework/src/Illuminate/Database/Connection.php(398): Illuminate\Database\Connection-&gt;run()
#2 /home/servicios/htdocs/servicios.mindsoftdev.com/vendor/laravel/framework/src/Illuminate/Database/Query/Builder.php(3130): Illuminate\Database\Connection-&gt;select()
#3 /home/servicios/htdocs/servicios.mindsoftdev.com/vendor/laravel/framework/src/Illuminate/Database/Query/Builder.php(3115): Illuminate\Database\Query\Builder-&gt;runSelect()
#4 /home/servicios/htdocs/servicios.mindsoftdev.com/vendor/laravel/framework/src/Illuminate/Database/Query/Builder.php(3703): Illuminate\Database\Query\Builder-&gt;Illuminate\Database\Query\{closure}()
#5 /home/servicios/htdocs/servicios.mindsoftdev.com/vendor/laravel/framework/src/Illuminate/Database/Query/Builder.php(3114): Illuminate\Database\Query\Builder-&gt;onceWithColumns()
#6 /home/servicios/htdocs/servicios.mindsoftdev.com/vendor/laravel/framework/src/Illuminate/Database/Eloquent/Builder.php(759): Illuminate\Database\Query\Builder-&gt;get()
#7 /home/servicios/htdocs/servicios.mindsoftdev.com/vendor/laravel/framework/src/Illuminate/Database/Eloquent/Builder.php(741): Illuminate\Database\Eloquent\Builder-&gt;getModels()
#8 /home/servicios/htdocs/servicios.mindsoftdev.com/vendor/laravel/framework/src/Illuminate/Database/Concerns/BuildsQueries.php(344): Illuminate\Database\Eloquent\Builder-&gt;get()
#9 /home/servicios/htdocs/servicios.mindsoftdev.com/vendor/laravel/framework/src/Illuminate/Auth/EloquentUserProvider.php(139): Illuminate\Database\Eloquent\Builder-&gt;first()
#10 /home/servicios/htdocs/servicios.mindsoftdev.com/vendor/laravel/framework/src/Illuminate/Auth/SessionGuard.php(393): Illuminate\Auth\EloquentUserProvider-&gt;retrieveByCredentials()
#11 /home/servicios/htdocs/servicios.mindsoftdev.com/vendor/laravel/fortify/src/Actions/AttemptToAuthenticate.php(53): Illuminate\Auth\SessionGuard-&gt;attempt()
#12 /home/servicios/htdocs/servicios.mindsoftdev.com/vendor/laravel/framework/src/Illuminate/Pipeline/Pipeline.php(183): Laravel\Fortify\Actions\AttemptToAuthenticate-&gt;handle()
#13 /home/servicios/htdocs/servicios.mindsoftdev.com/vendor/laravel/fortify/src/Actions/CanonicalizeUsername.php(23): Illuminate\Pipeline\Pipeline-&gt;Illuminate\Pipeline\{closure}()
#14 /home/servicios/htdocs/servicios.mindsoftdev.com/vendor/laravel/framework/src/Illuminate/Pipeline/Pipeline.php(183): Laravel\Fortify\Actions\CanonicalizeUsername-&gt;handle()
#15 /home/servicios/htdocs/servicios.mindsoftdev.com/vendor/laravel/framework/src/Illuminate/Pipeline/Pipeline.php(119): Illuminate\Pipeline\Pipeline-&gt;Illuminate\Pipeline\{closure}()
#16 /home/servicios/htdocs/servicios.mindsoftdev.com/vendor/laravel/fortify/src/Http/Controllers/AuthenticatedSessionController.php(60): Illuminate\Pipeline\Pipeline-&gt;then()
#17 /home/servicios/htdocs/servicios.mindsoftdev.com/vendor/laravel/framework/src/Illuminate/Routing/Controller.php(54): Laravel\Fortify\Http\Controllers\AuthenticatedSessionController-&gt;store()
#18 /home/servicios/htdocs/servicios.mindsoftdev.com/vendor/laravel/framework/src/Illuminate/Routing/ControllerDispatcher.php(43): Illuminate\Routing\Controller-&gt;callAction()
#19 /home/servicios/htdocs/servicios.mindsoftdev.com/vendor/laravel/framework/src/Illuminate/Routing/Route.php(262): Illuminate\Routing\ControllerDispatcher-&gt;dispatch()
#20 /home/servicios/htdocs/servicios.mindsoftdev.com/vendor/laravel/framework/src/Illuminate/Routing/Route.php(208): Illuminate\Routing\Route-&gt;runController()
#21 /home/servicios/htdocs/servicios.mindsoftdev.com/vendor/laravel/framework/src/Illuminate/Routing/Router.php(808): Illuminate\Routing\Route-&gt;run()
#22 /home/servicios/htdocs/servicios.mindsoftdev.com/vendor/laravel/framework/src/Illuminate/Pipeline/Pipeline.php(144): Illuminate\Routing\Router-&gt;Illuminate\Routing\{closure}()
#23 /home/servicios/htdocs/servicios.mindsoftdev.com/vendor/laravel/framework/src/Illuminate/Auth/Middleware/RedirectIfAuthenticated.php(35): Illuminate\Pipeline\Pipeline-&gt;Illuminate\Pipeline\{closure}()
#24 /home/servicios/htdocs/servicios.mindsoftdev.com/vendor/laravel/framework/src/Illuminate/Pipeline/Pipeline.php(183): Illuminate\Auth\Middleware\RedirectIfAuthenticated-&gt;handle()
#25 /home/servicios/htdocs/servicios.mindsoftdev.com/vendor/laravel/framework/src/Illuminate/Routing/Middleware/SubstituteBindings.php(51): Illuminate\Pipeline\Pipeline-&gt;Illuminate\Pipeline\{closure}()
#26 /home/servicios/htdocs/servicios.mindsoftdev.com/vendor/laravel/framework/src/Illuminate/Pipeline/Pipeline.php(183): Illuminate\Routing\Middleware\SubstituteBindings-&gt;handle()
#27 /home/servicios/htdocs/servicios.mindsoftdev.com/vendor/laravel/framework/src/Illuminate/Routing/Middleware/ThrottleRequests.php(161): Illuminate\Pipeline\Pipeline-&gt;Illuminate\Pipeline\{closure}()
#28 /home/servicios/htdocs/servicios.mindsoftdev.com/vendor/laravel/framework/src/Illuminate/Routing/Middleware/ThrottleRequests.php(127): Illuminate\Routing\Middleware\ThrottleRequests-&gt;handleRequest()
#29 /home/servicios/htdocs/servicios.mindsoftdev.com/vendor/laravel/framework/src/Illuminate/Routing/Middleware/ThrottleRequests.php(89): Illuminate\Routing\Middleware\ThrottleRequests-&gt;handleRequestUsingNamedLimiter()
#30 /home/servicios/htdocs/servicios.mindsoftdev.com/vendor/laravel/framework/src/Illuminate/Pipeline/Pipeline.php(183): Illuminate\Routing\Middleware\ThrottleRequests-&gt;handle()
#31 /home/servicios/htdocs/servicios.mindsoftdev.com/vendor/laravel/framework/src/Illuminate/Foundation/Http/Middleware/VerifyCsrfToken.php(88): Illuminate\Pipeline\Pipeline-&gt;Illuminate\Pipeline\{closure}()
#32 /home/servicios/htdocs/servicios.mindsoftdev.com/vendor/laravel/framework/src/Illuminate/Pipeline/Pipeline.php(183): Illuminate\Foundation\Http\Middleware\VerifyCsrfToken-&gt;handle()
#33 /home/servicios/htdocs/servicios.mindsoftdev.com/vendor/laravel/framework/src/Illuminate/View/Middleware/ShareErrorsFromSession.php(49): Illuminate\Pipeline\Pipeline-&gt;Illuminate\Pipeline\{closure}()
#34 /home/servicios/htdocs/servicios.mindsoftdev.com/vendor/laravel/framework/src/Illuminate/Pipeline/Pipeline.php(183): Illuminate\View\Middleware\ShareErrorsFromSession-&gt;handle()
#35 /home/servicios/htdocs/servicios.mindsoftdev.com/vendor/laravel/framework/src/Illuminate/Session/Middleware/StartSession.php(121): Illuminate\Pipeline\Pipeline-&gt;Illuminate\Pipeline\{closure}()
#36 /home/servicios/htdocs/servicios.mindsoftdev.com/vendor/laravel/framework/src/Illuminate/Session/Middleware/StartSession.php(64): Illuminate\Session\Middleware\StartSession-&gt;handleStatefulRequest()
#37 /home/servicios/htdocs/servicios.mindsoftdev.com/vendor/laravel/framework/src/Illuminate/Pipeline/Pipeline.php(183): Illuminate\Session\Middleware\StartSession-&gt;handle()
#38 /home/servicios/htdocs/servicios.mindsoftdev.com/vendor/laravel/framework/src/Illuminate/Cookie/Middleware/AddQueuedCookiesToResponse.php(37): Illuminate\Pipeline\Pipeline-&gt;Illuminate\Pipeline\{closure}()
#39 /home/servicios/htdocs/servicios.mindsoftdev.com/vendor/laravel/framework/src/Illuminate/Pipeline/Pipeline.php(183): Illuminate\Cookie\Middleware\AddQueuedCookiesToResponse-&gt;handle()
#40 /home/servicios/htdocs/servicios.mindsoftdev.com/vendor/laravel/framework/src/Illuminate/Cookie/Middleware/EncryptCookies.php(75): Illuminate\Pipeline\Pipeline-&gt;Illuminate\Pipeline\{closure}()
#41 /home/servicios/htdocs/servicios.mindsoftdev.com/vendor/laravel/framework/src/Illuminate/Pipeline/Pipeline.php(183): Illuminate\Cookie\Middleware\EncryptCookies-&gt;handle()
#42 /home/servicios/htdocs/servicios.mindsoftdev.com/vendor/laravel/framework/src/Illuminate/Pipeline/Pipeline.php(119): Illuminate\Pipeline\Pipeline-&gt;Illuminate\Pipeline\{closure}()
#43 /home/servicios/htdocs/servicios.mindsoftdev.com/vendor/laravel/framework/src/Illuminate/Routing/Router.php(807): Illuminate\Pipeline\Pipeline-&gt;then()
#44 /home/servicios/htdocs/servicios.mindsoftdev.com/vendor/laravel/framework/src/Illuminate/Routing/Router.php(786): Illuminate\Routing\Router-&gt;runRouteWithinStack()
#45 /home/servicios/htdocs/servicios.mindsoftdev.com/vendor/laravel/framework/src/Illuminate/Routing/Router.php(750): Illuminate\Routing\Router-&gt;runRoute()
#46 /home/servicios/htdocs/servicios.mindsoftdev.com/vendor/laravel/framework/src/Illuminate/Routing/Router.php(739): Illuminate\Routing\Router-&gt;dispatchToRoute()
#47 /home/servicios/htdocs/servicios.mindsoftdev.com/vendor/laravel/framework/src/Illuminate/Foundation/Http/Kernel.php(201): Illuminate\Routing\Router-&gt;dispatch()
#48 /home/servicios/htdocs/servicios.mindsoftdev.com/vendor/laravel/framework/src/Illuminate/Pipeline/Pipeline.php(144): Illuminate\Foundation\Http\Kernel-&gt;Illuminate\Foundation\Http\{closure}()
#49 /home/servicios/htdocs/servicios.mindsoftdev.com/vendor/laravel/framework/src/Illuminate/Foundation/Http/Middleware/TransformsRequest.php(21): Illuminate\Pipeline\Pipeline-&gt;Illuminate\Pipeline\{closure}()
#50 /home/servicios/htdocs/servicios.mindsoftdev.com/vendor/laravel/framework/src/Illuminate/Foundation/Http/Middleware/ConvertEmptyStringsToNull.php(31): Illuminate\Foundation\Http\Middleware\TransformsRequest-&gt;handle()
#51 /home/servicios/htdocs/servicios.mindsoftdev.com/vendor/laravel/framework/src/Illuminate/Pipeline/Pipeline.php(183): Illuminate\Foundation\Http\Middleware\ConvertEmptyStringsToNull-&gt;handle()
#52 /home/servicios/htdocs/servicios.mindsoftdev.com/vendor/laravel/framework/src/Illuminate/Foundation/Http/Middleware/TransformsRequest.php(21): Illuminate\Pipeline\Pipeline-&gt;Illuminate\Pipeline\{closure}()
#53 /home/servicios/htdocs/servicios.mindsoftdev.com/vendor/laravel/framework/src/Illuminate/Foundation/Http/Middleware/TrimStrings.php(51): Illuminate\Foundation\Http\Middleware\TransformsRequest-&gt;handle()
#54 /home/servicios/htdocs/servicios.mindsoftdev.com/vendor/laravel/framework/src/Illuminate/Pipeline/Pipeline.php(183): Illuminate\Foundation\Http\Middleware\TrimStrings-&gt;handle()
#55 /home/servicios/htdocs/servicios.mindsoftdev.com/vendor/laravel/framework/src/Illuminate/Http/Middleware/ValidatePostSize.php(27): Illuminate\Pipeline\Pipeline-&gt;Illuminate\Pipeline\{closure}()
#56 /home/servicios/htdocs/servicios.mindsoftdev.com/vendor/laravel/framework/src/Illuminate/Pipeline/Pipeline.php(183): Illuminate\Http\Middleware\ValidatePostSize-&gt;handle()
#57 /home/servicios/htdocs/servicios.mindsoftdev.com/vendor/laravel/framework/src/Illuminate/Foundation/Http/Middleware/PreventRequestsDuringMaintenance.php(110): Illuminate\Pipeline\Pipeline-&gt;Illuminate\Pipeline\{closure}()
#58 /home/servicios/htdocs/servicios.mindsoftdev.com/vendor/laravel/framework/src/Illuminate/Pipeline/Pipeline.php(183): Illuminate\Foundation\Http\Middleware\PreventRequestsDuringMaintenance-&gt;handle()
#59 /home/servicios/htdocs/servicios.mindsoftdev.com/vendor/laravel/framework/src/Illuminate/Http/Middleware/HandleCors.php(62): Illuminate\Pipeline\Pipeline-&gt;Illuminate\Pipeline\{closure}()
#60 /home/servicios/htdocs/servicios.mindsoftdev.com/vendor/laravel/framework/src/Illuminate/Pipeline/Pipeline.php(183): Illuminate\Http\Middleware\HandleCors-&gt;handle()
#61 /home/servicios/htdocs/servicios.mindsoftdev.com/vendor/laravel/framework/src/Illuminate/Http/Middleware/TrustProxies.php(58): Illuminate\Pipeline\Pipeline-&gt;Illuminate\Pipeline\{closure}()
#62 /home/servicios/htdocs/servicios.mindsoftdev.com/vendor/laravel/framework/src/Illuminate/Pipeline/Pipeline.php(183): Illuminate\Http\Middleware\TrustProxies-&gt;handle()
#63 /home/servicios/htdocs/servicios.mindsoftdev.com/vendor/laravel/framework/src/Illuminate/Foundation/Http/Middleware/InvokeDeferredCallbacks.php(22): Illuminate\Pipeline\Pipeline-&gt;Illuminate\Pipeline\{closure}()
#64 /home/servicios/htdocs/servicios.mindsoftdev.com/vendor/laravel/framework/src/Illuminate/Pipeline/Pipeline.php(183): Illuminate\Foundation\Http\Middleware\InvokeDeferredCallbacks-&gt;handle()
#65 /home/servicios/htdocs/servicios.mindsoftdev.com/vendor/laravel/framework/src/Illuminate/Pipeline/Pipeline.php(119): Illuminate\Pipeline\Pipeline-&gt;Illuminate\Pipeline\{closure}()
#66 /home/servicios/htdocs/servicios.mindsoftdev.com/vendor/laravel/framework/src/Illuminate/Foundation/Http/Kernel.php(176): Illuminate\Pipeline\Pipeline-&gt;then()
#67 /home/servicios/htdocs/servicios.mindsoftdev.com/vendor/laravel/framework/src/Illuminate/Foundation/Http/Kernel.php(145): Illuminate\Foundation\Http\Kernel-&gt;sendRequestThroughRouter()
#68 /home/servicios/htdocs/servicios.mindsoftdev.com/vendor/laravel/framework/src/Illuminate/Foundation/Testing/Concerns/MakesHttpRequests.php(604): Illuminate\Foundation\Http\Kernel-&gt;handle()
#69 /home/servicios/htdocs/servicios.mindsoftdev.com/vendor/laravel/framework/src/Illuminate/Foundation/Testing/Concerns/MakesHttpRequests.php(570): Illuminate\Foundation\Testing\TestCase-&gt;call()
#70 /home/servicios/htdocs/servicios.mindsoftdev.com/vendor/laravel/framework/src/Illuminate/Foundation/Testing/Concerns/MakesHttpRequests.php(408): Illuminate\Foundation\Testing\TestCase-&gt;json()
#71 /home/servicios/htdocs/servicios.mindsoftdev.com/tests/Feature/LoginTest.php(17): Illuminate\Foundation\Testing\TestCase-&gt;postJson()
#72 /home/servicios/htdocs/servicios.mindsoftdev.com/vendor/phpunit/phpunit/src/Framework/TestCase.php(1234): Tests\Feature\LoginTest-&gt;testUserLogin()
#73 /home/servicios/htdocs/servicios.mindsoftdev.com/vendor/phpunit/phpunit/src/Framework/TestCase.php(515): PHPUnit\Framework\TestCase-&gt;runTest()
#74 /home/servicios/htdocs/servicios.mindsoftdev.com/vendor/phpunit/phpunit/src/Framework/TestRunner/TestRunner.php(86): PHPUnit\Framework\TestCase-&gt;runBare()
#75 /home/servicios/htdocs/servicios.mindsoftdev.com/vendor/phpunit/phpunit/src/Framework/TestCase.php(362): PHPUnit\Framework\TestRunner-&gt;run()
#76 /home/servicios/htdocs/servicios.mindsoftdev.com/vendor/phpunit/phpunit/src/Framework/TestSuite.php(394): PHPUnit\Framework\TestCase-&gt;run()
#77 /home/servicios/htdocs/servicios.mindsoftdev.com/vendor/phpunit/phpunit/src/Framework/TestSuite.php(394): PHPUnit\Framework\TestSuite-&gt;run()
#78 /home/servicios/htdocs/servicios.mindsoftdev.com/vendor/phpunit/phpunit/src/Framework/TestSuite.php(394): PHPUnit\Framework\TestSuite-&gt;run()
#79 /home/servicios/htdocs/servicios.mindsoftdev.com/vendor/phpunit/phpunit/src/TextUI/TestRunner.php(64): PHPUnit\Framework\TestSuite-&gt;run()
#80 /home/servicios/htdocs/servicios.mindsoftdev.com/vendor/phpunit/phpunit/src/TextUI/Application.php(207): PHPUnit\TextUI\TestRunner-&gt;run()
#81 /home/servicios/htdocs/servicios.mindsoftdev.com/vendor/phpunit/phpunit/phpunit(104): PHPUnit\TextUI\Application-&gt;run()
#82 {main}

----------------------------------------------------------------------------------

SQLSTATE[HY000]: General error: 1 no such column: users.deleted_at (Connection: sqlite, SQL: select * from "users" where "email" = dennis.ocana@mindsoft.biz and "users"."deleted_at" is null limit 1)

/home/servicios/htdocs/servicios.mindsoftdev.com/vendor/laravel/framework/src/Illuminate/Testing/TestResponseAssert.php:45
/home/servicios/htdocs/servicios.mindsoftdev.com/vendor/laravel/framework/src/Illuminate/Testing/TestResponse.php:160
/home/servicios/htdocs/servicios.mindsoftdev.com/tests/Feature/LoginTest.php:21</failure>
        </testcase>
      </testsuite>
    </testsuite>
  </testsuite>
</testsuites>
